# JRE version: OpenJDK Runtime Environment (8.0_202) (build 1.8.0_202-release-1483-b49-5587405)
# Java VM: OpenJDK 64-Bit Server VM (25.202-b49-5587405 mixed mode linux-amd64 compressed oops)
Heap:
 PSYoungGen      total 331264K, used 16131K [0x00000000e0000000, 0x0000000100000000, 0x0000000100000000)
  eden space 201728K, 0% used [0x00000000e0000000,0x00000000e0000000,0x00000000ec500000)
  from space 129536K, 12% used [0x00000000f8180000,0x00000000f9140d20,0x0000000100000000)
  to   space 161280K, 0% used [0x00000000ec500000,0x00000000ec500000,0x00000000f6280000)
 ParOldGen       total 459264K, used 459070K [0x00000000a0000000, 0x00000000bc080000, 0x00000000e0000000)
  object space 459264K, 99% used [0x00000000a0000000,0x00000000bc04f870,0x00000000bc080000)
 Metaspace       used 84721K, capacity 86465K, committed 86656K, reserved 1126400K
  class space    used 10174K, capacity 10575K, committed 10624K, reserved 1048576K
GC Heap History (10 events):
Event: 589.822 GC heap after
Heap after GC invocations=21 (full 5):
 PSYoungGen      total 404480K, used 26727K [0x00000000e0000000, 0x0000000100000000, 0x0000000100000000)
  eden space 279552K, 0% used [0x00000000e0000000,0x00000000e0000000,0x00000000f1100000)
  from space 124928K, 21% used [0x00000000f8600000,0x00000000fa019c08,0x0000000100000000)
  to   space 119808K, 0% used [0x00000000f1100000,0x00000000f1100000,0x00000000f8600000)
 ParOldGen       total 459264K, used 246075K [0x00000000a0000000, 0x00000000bc080000, 0x00000000e0000000)
  object space 459264K, 53% used [0x00000000a0000000,0x00000000af04ef48,0x00000000bc080000)
 Metaspace       used 74965K, capacity 76405K, committed 76544K, reserved 1116160K
  class space    used 9119K, capacity 9453K, committed 9472K, reserved 1048576K
}
Event: 604.016 GC heap before
{Heap before GC invocations=22 (full 5):
 PSYoungGen      total 404480K, used 306279K [0x00000000e0000000, 0x0000000100000000, 0x0000000100000000)
  eden space 279552K, 100% used [0x00000000e0000000,0x00000000f1100000,0x00000000f1100000)
  from space 124928K, 21% used [0x00000000f8600000,0x00000000fa019c08,0x0000000100000000)
  to   space 119808K, 0% used [0x00000000f1100000,0x00000000f1100000,0x00000000f8600000)
 ParOldGen       total 459264K, used 246075K [0x00000000a0000000, 0x00000000bc080000, 0x00000000e0000000)
  object space 459264K, 53% used [0x00000000a0000000,0x00000000af04ef48,0x00000000bc080000)
 Metaspace       used 78771K, capacity 80405K, committed 80640K, reserved 1120256K
  class space    used 9507K, capacity 9903K, committed 9984K, reserved 1048576K
Event: 604.029 GC heap after
Heap after GC invocations=22 (full 5):
 PSYoungGen      total 292864K, used 12906K [0x00000000e0000000, 0x00000000ff500000, 0x0000000100000000)
  eden space 279552K, 0% used [0x00000000e0000000,0x00000000e0000000,0x00000000f1100000)
  from space 13312K, 96% used [0x00000000f1100000,0x00000000f1d9ab50,0x00000000f1e00000)
  to   space 116736K, 0% used [0x00000000f8300000,0x00000000f8300000,0x00000000ff500000)
 ParOldGen       total 459264K, used 264041K [0x00000000a0000000, 0x00000000bc080000, 0x00000000e0000000)
  object space 459264K, 57% used [0x00000000a0000000,0x00000000b01da6e0,0x00000000bc080000)
 Metaspace       used 78771K, capacity 80405K, committed 80640K, reserved 1120256K
  class space    used 9507K, capacity 9903K, committed 9984K, reserved 1048576K
}
Event: 631.935 GC heap before
{Heap before GC invocations=23 (full 5):
 PSYoungGen      total 292864K, used 292458K [0x00000000e0000000, 0x00000000ff500000, 0x0000000100000000)
  eden space 279552K, 100% used [0x00000000e0000000,0x00000000f1100000,0x00000000f1100000)
  from space 13312K, 96% used [0x00000000f1100000,0x00000000f1d9ab50,0x00000000f1e00000)
  to   space 116736K, 0% used [0x00000000f8300000,0x00000000f8300000,0x00000000ff500000)
 ParOldGen       total 459264K, used 264041K [0x00000000a0000000, 0x00000000bc080000, 0x00000000e0000000)
  object space 459264K, 57% used [0x00000000a0000000,0x00000000b01da6e0,0x00000000bc080000)
 Metaspace       used 79147K, capacity 80843K, committed 81152K, reserved 1120256K
  class space    used 9548K, capacity 9941K, committed 9984K, reserved 1048576K
Event: 632.147 GC heap after
Heap after GC invocations=23 (full 5):
 PSYoungGen      total 382976K, used 92946K [0x00000000e0000000, 0x0000000100000000, 0x0000000100000000)
  eden space 266240K, 0% used [0x00000000e0000000,0x00000000e0000000,0x00000000f0400000)
  from space 116736K, 79% used [0x00000000f8300000,0x00000000fddc4898,0x00000000ff500000)
  to   space 129024K, 0% used [0x00000000f0400000,0x00000000f0400000,0x00000000f8200000)
 ParOldGen       total 459264K, used 271278K [0x00000000a0000000, 0x00000000bc080000, 0x00000000e0000000)
  object space 459264K, 59% used [0x00000000a0000000,0x00000000b08ebac0,0x00000000bc080000)
 Metaspace       used 79147K, capacity 80843K, committed 81152K, reserved 1120256K
  class space    used 9548K, capacity 9941K, committed 9984K, reserved 1048576K
}
Event: 638.173 GC heap before
{Heap before GC invocations=24 (full 5):
 PSYoungGen      total 382976K, used 359186K [0x00000000e0000000, 0x0000000100000000, 0x0000000100000000)
  eden space 266240K, 100% used [0x00000000e0000000,0x00000000f0400000,0x00000000f0400000)
  from space 116736K, 79% used [0x00000000f8300000,0x00000000fddc4898,0x00000000ff500000)
  to   space 129024K, 0% used [0x00000000f0400000,0x00000000f0400000,0x00000000f8200000)
 ParOldGen       total 459264K, used 271278K [0x00000000a0000000, 0x00000000bc080000, 0x00000000e0000000)
  object space 459264K, 59% used [0x00000000a0000000,0x00000000b08ebac0,0x00000000bc080000)
 Metaspace       used 84705K, capacity 86401K, committed 86656K, reserved 1126400K
  class space    used 10174K, capacity 10575K, committed 10624K, reserved 1048576K
Event: 638.395 GC heap after
Heap after GC invocations=24 (full 5):
 PSYoungGen      total 334336K, used 67965K [0x00000000e0000000, 0x0000000100000000, 0x0000000100000000)
  eden space 266240K, 0% used [0x00000000e0000000,0x00000000e0000000,0x00000000f0400000)
  from space 68096K, 99% used [0x00000000f0400000,0x00000000f465f710,0x00000000f4680000)
  to   space 129536K, 0% used [0x00000000f8180000,0x00000000f8180000,0x0000000100000000)
 ParOldGen       total 459264K, used 361172K [0x00000000a0000000, 0x00000000bc080000, 0x00000000e0000000)
  object space 459264K, 78% used [0x00000000a0000000,0x00000000b60b5318,0x00000000bc080000)
 Metaspace       used 84705K, capacity 86401K, committed 86656K, reserved 1126400K
  class space    used 10174K, capacity 10575K, committed 10624K, reserved 1048576K
}
Event: 641.838 GC heap before
{Heap before GC invocations=25 (full 5):
 PSYoungGen      total 334336K, used 334205K [0x00000000e0000000, 0x0000000100000000, 0x0000000100000000)
  eden space 266240K, 100% used [0x00000000e0000000,0x00000000f0400000,0x00000000f0400000)
  from space 68096K, 99% used [0x00000000f0400000,0x00000000f465f710,0x00000000f4680000)
  to   space 129536K, 0% used [0x00000000f8180000,0x00000000f8180000,0x0000000100000000)
 ParOldGen       total 459264K, used 361172K [0x00000000a0000000, 0x00000000bc080000, 0x00000000e0000000)
  object space 459264K, 78% used [0x00000000a0000000,0x00000000b60b5318,0x00000000bc080000)
 Metaspace       used 84721K, capacity 86465K, committed 86656K, reserved 1126400K
  class space    used 10174K, capacity 10575K, committed 10624K, reserved 1048576K
Event: 641.914 GC heap after
Heap after GC invocations=25 (full 5):
 PSYoungGen      total 331264K, used 129530K [0x00000000e0000000, 0x0000000100000000, 0x0000000100000000)
  eden space 201728K, 0% used [0x00000000e0000000,0x00000000e0000000,0x00000000ec500000)
  from space 129536K, 99% used [0x00000000f8180000,0x00000000ffffe980,0x0000000100000000)
  to   space 161280K, 0% used [0x00000000ec500000,0x00000000ec500000,0x00000000f6280000)
 ParOldGen       total 459264K, used 386963K [0x00000000a0000000, 0x00000000bc080000, 0x00000000e0000000)
  object space 459264K, 84% used [0x00000000a0000000,0x00000000b79e4f90,0x00000000bc080000)
 Metaspace       used 84721K, capacity 86465K, committed 86656K, reserved 1126400K
  class space    used 10174K, capacity 10575K, committed 10624K, reserved 1048576K
}
Event: 642.015 GC heap before
{Heap before GC invocations=26 (full 6):
 PSYoungGen      total 331264K, used 129530K [0x00000000e0000000, 0x0000000100000000, 0x0000000100000000)
  eden space 201728K, 0% used [0x00000000e0000000,0x00000000e0000000,0x00000000ec500000)
  from space 129536K, 99% used [0x00000000f8180000,0x00000000ffffe980,0x0000000100000000)
  to   space 161280K, 0% used [0x00000000ec500000,0x00000000ec500000,0x00000000f6280000)
 ParOldGen       total 459264K, used 386963K [0x00000000a0000000, 0x00000000bc080000, 0x00000000e0000000)
  object space 459264K, 84% used [0x00000000a0000000,0x00000000b79e4f90,0x00000000bc080000)
 Metaspace       used 84721K, capacity 86465K, committed 86656K, reserved 1126400K
  class space    used 10174K, capacity 10575K, committed 10624K, reserved 1048576K

