# JRE version: OpenJDK Runtime Environment (8.0_202) (build 1.8.0_202-release-1483-b49-5587405)
# Java VM: OpenJDK 64-Bit Server VM (25.202-b49-5587405 mixed mode linux-amd64 compressed oops)
Heap:
 PSYoungGen      total 349696K, used 0K [0x00000000e0000000, 0x0000000100000000, 0x0000000100000000)
  eden space 175104K, 0% used [0x00000000e0000000,0x00000000e0000000,0x00000000eab00000)
  from space 174592K, 0% used [0x00000000f5580000,0x00000000f5580000,0x0000000100000000)
  to   space 174592K, 0% used [0x00000000eab00000,0x00000000eab00000,0x00000000f5580000)
 ParOldGen       total 834048K, used 724393K [0x00000000a0000000, 0x00000000d2e80000, 0x00000000e0000000)
  object space 834048K, 86% used [0x00000000a0000000,0x00000000cc36a550,0x00000000d2e80000)
 Metaspace       used 91409K, capacity 93585K, committed 96408K, reserved 1134592K
  class space    used 10760K, capacity 11211K, committed 11696K, reserved 1048576K
GC Heap History (10 events):
Event: 8387.250 GC heap after
Heap after GC invocations=42 (full 8):
 PSYoungGen      total 356352K, used 50366K [0x00000000e0000000, 0x00000000ff800000, 0x0000000100000000)
  eden space 188416K, 0% used [0x00000000e0000000,0x00000000e0000000,0x00000000eb800000)
  from space 167936K, 29% used [0x00000000f5380000,0x00000000f84afbf0,0x00000000ff780000)
  to   space 159232K, 0% used [0x00000000eb800000,0x00000000eb800000,0x00000000f5380000)
 ParOldGen       total 834048K, used 570156K [0x00000000a0000000, 0x00000000d2e80000, 0x00000000e0000000)
  object space 834048K, 68% used [0x00000000a0000000,0x00000000c2ccb2a8,0x00000000d2e80000)
 Metaspace       used 88037K, capacity 90439K, committed 90648K, reserved 1128448K
  class space    used 10389K, capacity 10939K, committed 11056K, reserved 1048576K
}
Event: 8393.444 GC heap before
{Heap before GC invocations=43 (full 8):
 PSYoungGen      total 356352K, used 238782K [0x00000000e0000000, 0x00000000ff800000, 0x0000000100000000)
  eden space 188416K, 100% used [0x00000000e0000000,0x00000000eb800000,0x00000000eb800000)
  from space 167936K, 29% used [0x00000000f5380000,0x00000000f84afbf0,0x00000000ff780000)
  to   space 159232K, 0% used [0x00000000eb800000,0x00000000eb800000,0x00000000f5380000)
 ParOldGen       total 834048K, used 570156K [0x00000000a0000000, 0x00000000d2e80000, 0x00000000e0000000)
  object space 834048K, 68% used [0x00000000a0000000,0x00000000c2ccb2a8,0x00000000d2e80000)
 Metaspace       used 90291K, capacity 92689K, committed 92952K, reserved 1130496K
  class space    used 10646K, capacity 11199K, committed 11312K, reserved 1048576K
Event: 8393.511 GC heap after
Heap after GC invocations=43 (full 8):
 PSYoungGen      total 347648K, used 132132K [0x00000000e0000000, 0x0000000100000000, 0x0000000100000000)
  eden space 188416K, 0% used [0x00000000e0000000,0x00000000e0000000,0x00000000eb800000)
  from space 159232K, 82% used [0x00000000eb800000,0x00000000f3909398,0x00000000f5380000)
  to   space 174592K, 0% used [0x00000000f5580000,0x00000000f5580000,0x0000000100000000)
 ParOldGen       total 834048K, used 570164K [0x00000000a0000000, 0x00000000d2e80000, 0x00000000e0000000)
  object space 834048K, 68% used [0x00000000a0000000,0x00000000c2ccd2a8,0x00000000d2e80000)
 Metaspace       used 90291K, capacity 92689K, committed 92952K, reserved 1130496K
  class space    used 10646K, capacity 11199K, committed 11312K, reserved 1048576K
}
Event: 8402.263 GC heap before
{Heap before GC invocations=44 (full 8):
 PSYoungGen      total 347648K, used 320548K [0x00000000e0000000, 0x0000000100000000, 0x0000000100000000)
  eden space 188416K, 100% used [0x00000000e0000000,0x00000000eb800000,0x00000000eb800000)
  from space 159232K, 82% used [0x00000000eb800000,0x00000000f3909398,0x00000000f5380000)
  to   space 174592K, 0% used [0x00000000f5580000,0x00000000f5580000,0x0000000100000000)
 ParOldGen       total 834048K, used 570164K [0x00000000a0000000, 0x00000000d2e80000, 0x00000000e0000000)
  object space 834048K, 68% used [0x00000000a0000000,0x00000000c2ccd2a8,0x00000000d2e80000)
 Metaspace       used 93507K, capacity 95993K, committed 96408K, reserved 1134592K
  class space    used 11016K, capacity 11575K, committed 11696K, reserved 1048576K
Event: 8402.392 GC heap after
Heap after GC invocations=44 (full 8):
 PSYoungGen      total 353792K, used 35694K [0x00000000e0000000, 0x0000000100000000, 0x0000000100000000)
  eden space 179200K, 0% used [0x00000000e0000000,0x00000000e0000000,0x00000000eaf00000)
  from space 174592K, 20% used [0x00000000f5580000,0x00000000f785b958,0x0000000100000000)
  to   space 170496K, 0% used [0x00000000eaf00000,0x00000000eaf00000,0x00000000f5580000)
 ParOldGen       total 834048K, used 700363K [0x00000000a0000000, 0x00000000d2e80000, 0x00000000e0000000)
  object space 834048K, 83% used [0x00000000a0000000,0x00000000cabf2fd0,0x00000000d2e80000)
 Metaspace       used 93507K, capacity 95993K, committed 96408K, reserved 1134592K
  class space    used 11016K, capacity 11575K, committed 11696K, reserved 1048576K
}
Event: 8405.168 GC heap before
{Heap before GC invocations=45 (full 8):
 PSYoungGen      total 353792K, used 214894K [0x00000000e0000000, 0x0000000100000000, 0x0000000100000000)
  eden space 179200K, 100% used [0x00000000e0000000,0x00000000eaf00000,0x00000000eaf00000)
  from space 174592K, 20% used [0x00000000f5580000,0x00000000f785b958,0x0000000100000000)
  to   space 170496K, 0% used [0x00000000eaf00000,0x00000000eaf00000,0x00000000f5580000)
 ParOldGen       total 834048K, used 700363K [0x00000000a0000000, 0x00000000d2e80000, 0x00000000e0000000)
  object space 834048K, 83% used [0x00000000a0000000,0x00000000cabf2fd0,0x00000000d2e80000)
 Metaspace       used 93518K, capacity 95993K, committed 96408K, reserved 1134592K
  class space    used 11016K, capacity 11575K, committed 11696K, reserved 1048576K
Event: 8405.242 GC heap after
Heap after GC invocations=45 (full 8):
 PSYoungGen      total 349696K, used 134410K [0x00000000e0000000, 0x0000000100000000, 0x0000000100000000)
  eden space 179200K, 0% used [0x00000000e0000000,0x00000000e0000000,0x00000000eaf00000)
  from space 170496K, 78% used [0x00000000eaf00000,0x00000000f3242880,0x00000000f5580000)
  to   space 174592K, 0% used [0x00000000f5580000,0x00000000f5580000,0x0000000100000000)
 ParOldGen       total 834048K, used 700371K [0x00000000a0000000, 0x00000000d2e80000, 0x00000000e0000000)
  object space 834048K, 83% used [0x00000000a0000000,0x00000000cabf4fd0,0x00000000d2e80000)
 Metaspace       used 93518K, capacity 95993K, committed 96408K, reserved 1134592K
  class space    used 11016K, capacity 11575K, committed 11696K, reserved 1048576K
}
Event: 8405.710 GC heap before
{Heap before GC invocations=46 (full 8):
 PSYoungGen      total 349696K, used 313610K [0x00000000e0000000, 0x0000000100000000, 0x0000000100000000)
  eden space 179200K, 100% used [0x00000000e0000000,0x00000000eaf00000,0x00000000eaf00000)
  from space 170496K, 78% used [0x00000000eaf00000,0x00000000f3242880,0x00000000f5580000)
  to   space 174592K, 0% used [0x00000000f5580000,0x00000000f5580000,0x0000000100000000)
 ParOldGen       total 834048K, used 700371K [0x00000000a0000000, 0x00000000d2e80000, 0x00000000e0000000)
  object space 834048K, 83% used [0x00000000a0000000,0x00000000cabf4fd0,0x00000000d2e80000)
 Metaspace       used 93531K, capacity 95993K, committed 96408K, reserved 1134592K
  class space    used 11016K, capacity 11575K, committed 11696K, reserved 1048576K
Event: 8405.816 GC heap after
Heap after GC invocations=46 (full 8):
 PSYoungGen      total 349696K, used 60490K [0x00000000e0000000, 0x0000000100000000, 0x0000000100000000)
  eden space 175104K, 0% used [0x00000000e0000000,0x00000000e0000000,0x00000000eab00000)
  from space 174592K, 34% used [0x00000000f5580000,0x00000000f90928b8,0x0000000100000000)
  to   space 174592K, 0% used [0x00000000eab00000,0x00000000eab00000,0x00000000f5580000)
 ParOldGen       total 834048K, used 786432K [0x00000000a0000000, 0x00000000d2e80000, 0x00000000e0000000)
  object space 834048K, 94% used [0x00000000a0000000,0x00000000d0000240,0x00000000d2e80000)
 Metaspace       used 93531K, capacity 95993K, committed 96408K, reserved 1134592K
  class space    used 11016K, capacity 11575K, committed 11696K, reserved 1048576K
}
Event: 8405.856 GC heap before
{Heap before GC invocations=47 (full 9):
 PSYoungGen      total 349696K, used 60490K [0x00000000e0000000, 0x0000000100000000, 0x0000000100000000)
  eden space 175104K, 0% used [0x00000000e0000000,0x00000000e0000000,0x00000000eab00000)
  from space 174592K, 34% used [0x00000000f5580000,0x00000000f90928b8,0x0000000100000000)
  to   space 174592K, 0% used [0x00000000eab00000,0x00000000eab00000,0x00000000f5580000)
 ParOldGen       total 834048K, used 786432K [0x00000000a0000000, 0x00000000d2e80000, 0x00000000e0000000)
  object space 834048K, 94% used [0x00000000a0000000,0x00000000d0000240,0x00000000d2e80000)
 Metaspace       used 93531K, capacity 95993K, committed 96408K, reserved 1134592K
  class space    used 11016K, capacity 11575K, committed 11696K, reserved 1048576K

